Using pre-set license
Built from '2020.3/staging' branch; Version is '2020.3.16f1 (049d6eca3c44) revision 302446'; Using compiler version '192528614'; Build Type 'Release'
OS: 'Windows 10 Home; OS build 19042.1237; Version 2009; 64bit' Language: 'en' Physical Memory: 8077 MB
BatchMode: 1, IsHumanControllingUs: 0, StartBugReporterOnCrash: 0, Is64bit: 1, IsPro: 0

 COMMAND LINE ARGUMENTS:
C:\Program Files\Unity\2020.3.16f1\Editor\Unity.exe
-adb2
-batchMode
-noUpm
-name
AssetImportWorker0
-projectPath
C:/Users/Yamete/Desktop/Yamete/UnityDev/Timmy_Castle_Escape
-logFile
Logs/AssetImportWorker0.log
-srvPort
49928
Successfully changed project path to: C:/Users/Yamete/Desktop/Yamete/UnityDev/Timmy_Castle_Escape
C:/Users/Yamete/Desktop/Yamete/UnityDev/Timmy_Castle_Escape
Using Asset Import Pipeline V2.
Refreshing native plugins compatible for Editor in 173.78 ms, found 2 plugins.
Preloading 0 native plugins for Editor in 0.00 ms.
Initialize engine version: 2020.3.16f1 (049d6eca3c44)
[Subsystems] Discovering subsystems at path C:/Program Files/Unity/2020.3.16f1/Editor/Data/Resources/UnitySubsystems
[Subsystems] Discovering subsystems at path C:/Users/Yamete/Desktop/Yamete/UnityDev/Timmy_Castle_Escape/Assets
GfxDevice: creating device client; threaded=0
Direct3D:
    Version:  Direct3D 11.0 [level 11.0]
    Renderer: NVIDIA GeForce 940MX (ID=0x134d)
    Vendor:   
    VRAM:     4055 MB
    Driver:   27.21.14.6280
Shader 'Universal Render Pipeline/Particles/Lit': fallback shader 'Universal Render Pipeline/Particles/SimpleLit' not found
Initialize mono
Mono path[0] = 'C:/Program Files/Unity/2020.3.16f1/Editor/Data/Managed'
Mono path[1] = 'C:/Program Files/Unity/2020.3.16f1/Editor/Data/MonoBleedingEdge/lib/mono/unityjit'
Mono config path = 'C:/Program Files/Unity/2020.3.16f1/Editor/Data/MonoBleedingEdge/etc'
Using monoOptions --debugger-agent=transport=dt_socket,embedding=1,server=y,suspend=n,address=127.0.0.1:56112
Begin MonoManager ReloadAssembly
Registering precompiled unity dll's ...
Register platform support module: C:/Program Files/Unity/2020.3.16f1/Editor/Data/PlaybackEngines/WindowsStandaloneSupport/UnityEditor.WindowsStandalone.Extensions.dll
Registered in 0.002493 seconds.
Native extension for WindowsStandalone target not found
Refreshing native plugins compatible for Editor in 78.95 ms, found 2 plugins.
Preloading 0 native plugins for Editor in 0.00 ms.
Mono: successfully reloaded assembly
- Completed reload, in  3.528 seconds
Domain Reload Profiling:
	ReloadAssembly (3528ms)
		BeginReloadAssembly (109ms)
			ExecutionOrderSort (0ms)
			DisableScriptedObjects (0ms)
			BackupInstance (0ms)
			ReleaseScriptingObjects (0ms)
			CreateAndSetChildDomain (1ms)
		EndReloadAssembly (709ms)
			LoadAssemblies (104ms)
			RebuildTransferFunctionScriptingTraits (0ms)
			SetupTypeCache (273ms)
			ReleaseScriptCaches (0ms)
			RebuildScriptCaches (44ms)
			SetupLoadedEditorAssemblies (268ms)
				LogAssemblyErrors (0ms)
				InitializePlatformSupportModulesInManaged (4ms)
				SetLoadedEditorAssemblies (0ms)
				RefreshPlugins (79ms)
				BeforeProcessingInitializeOnLoad (19ms)
				ProcessInitializeOnLoadAttributes (117ms)
				ProcessInitializeOnLoadMethodAttributes (48ms)
				AfterProcessingInitializeOnLoad (0ms)
				EditorAssembliesLoaded (1ms)
			ExecutionOrderSort2 (0ms)
			AwakeInstancesAfterBackupRestoration (0ms)
Platform modules already initialized, skipping
Registering precompiled user dll's ...
Registered in 0.008350 seconds.
Begin MonoManager ReloadAssembly
Native extension for WindowsStandalone target not found
Refreshing native plugins compatible for Editor in 113.97 ms, found 2 plugins.
Preloading 0 native plugins for Editor in 0.00 ms.
Mono: successfully reloaded assembly
- Completed reload, in  2.233 seconds
Domain Reload Profiling:
	ReloadAssembly (2235ms)
		BeginReloadAssembly (209ms)
			ExecutionOrderSort (0ms)
			DisableScriptedObjects (6ms)
			BackupInstance (0ms)
			ReleaseScriptingObjects (0ms)
			CreateAndSetChildDomain (25ms)
		EndReloadAssembly (1896ms)
			LoadAssemblies (132ms)
			RebuildTransferFunctionScriptingTraits (0ms)
			SetupTypeCache (651ms)
			ReleaseScriptCaches (1ms)
			RebuildScriptCaches (72ms)
			SetupLoadedEditorAssemblies (758ms)
				LogAssemblyErrors (0ms)
				InitializePlatformSupportModulesInManaged (8ms)
				SetLoadedEditorAssemblies (0ms)
				RefreshPlugins (114ms)
				BeforeProcessingInitializeOnLoad (129ms)
				ProcessInitializeOnLoadAttributes (484ms)
				ProcessInitializeOnLoadMethodAttributes (11ms)
				AfterProcessingInitializeOnLoad (11ms)
				EditorAssembliesLoaded (0ms)
			ExecutionOrderSort2 (0ms)
			AwakeInstancesAfterBackupRestoration (12ms)
Platform modules already initialized, skipping
========================================================================
Worker process is ready to serve import requests
Shader 'Universal Render Pipeline/Particles/Lit': fallback shader 'Universal Render Pipeline/Particles/SimpleLit' not found
Launched and connected shader compiler UnityShaderCompiler.exe after 0.25 seconds
Refreshing native plugins compatible for Editor in 1.07 ms, found 2 plugins.
Preloading 0 native plugins for Editor in 0.00 ms.
Unloading 2814 Unused Serialized files (Serialized files now loaded: 0)
System memory in use before: 142.0 MB.
System memory in use after: 142.2 MB.

Unloading 20 unused Assets to reduce memory usage. Loaded Objects now: 3271.
Total: 6.622000 ms (FindLiveObjects: 0.846000 ms CreateObjectMapping: 0.336300 ms MarkObjects: 5.269900 ms  DeleteObjects: 0.167400 ms)

AssetImportParameters requested are different than current active one (requested -> active):
  custom:framework-win-MediaFoundation: 216162199b28c13a410421893ffa2e32 -> 
  custom:video-decoder-ogg-theora: a1e56fd34408186e4bbccfd4996cb3dc -> 
  custom:container-muxer-webm: aa71ff27fc2769a1b78a27578f13a17b -> 
  custom:container-demuxer-webm: 4f35f7cbe854078d1ac9338744f61a02 -> 
  custom:container-demuxer-ogg: 62fdf1f143b41e24485cea50d1cbac27 -> 
  custom:video-encoder-webm-vp8: eb34c28f22e8b96e1ab97ce403110664 -> 
  custom:video-decoder-webm-vp8: 9c59270c3fd7afecdb556c50c9e8de78 -> 
  custom:audio-decoder-ogg-vorbis: bf7c407c2cedff20999df2af8eb42d56 -> 
  custom:audio-encoder-webm-vorbis: bf7c407c2cedff20999df2af8eb42d56 -> 
========================================================================
Received Import Request.
  path: Assets/TextMesh Pro/Resources/Fonts & Materials/LiberationSans SDF - Outline.mat
  artifactKey: Guid(79459efec17a4d00a321bdcc27bbc385) Importer(815301076,1909f56bfc062723c751e8b465ee728b)
Start importing Assets/TextMesh Pro/Resources/Fonts & Materials/LiberationSans SDF - Outline.mat using Guid(79459efec17a4d00a321bdcc27bbc385) Importer(815301076,1909f56bfc062723c751e8b465ee728b)  -> (artifact id: 'c511d08932308b24457774e53c6d0cc5') in 0.926231 seconds 
  Import took 0.972895 seconds .

========================================================================
Received Import Request.
  Time since last request: 0.000324 seconds.
  path: Assets/TextMesh Pro/Resources/Fonts & Materials/LiberationSans SDF - Fallback.asset
  artifactKey: Guid(2e498d1c8094910479dc3e1b768306a4) Importer(815301076,1909f56bfc062723c751e8b465ee728b)
Start importing Assets/TextMesh Pro/Resources/Fonts & Materials/LiberationSans SDF - Fallback.asset using Guid(2e498d1c8094910479dc3e1b768306a4) Importer(815301076,1909f56bfc062723c751e8b465ee728b)  -> (artifact id: '7d317dd7eba01e73a6ec82065629a805') in 0.359971 seconds 
  Import took 0.471160 seconds .

========================================================================
Received Import Request.
  Time since last request: 0.000605 seconds.
  path: Assets/TextMesh Pro/Resources/Fonts & Materials/LiberationSans SDF - Drop Shadow.mat
  artifactKey: Guid(e73a58f6e2794ae7b1b7e50b7fb811b0) Importer(815301076,1909f56bfc062723c751e8b465ee728b)
Start importing Assets/TextMesh Pro/Resources/Fonts & Materials/LiberationSans SDF - Drop Shadow.mat using Guid(e73a58f6e2794ae7b1b7e50b7fb811b0) Importer(815301076,1909f56bfc062723c751e8b465ee728b)  -> (artifact id: '17f57fe8dc4c9ae30de38a2da0d89f10') in 0.158887 seconds 
  Import took 0.208861 seconds .

========================================================================
Received Import Request.
  Time since last request: 0.000224 seconds.
  path: Assets/TextMesh Pro/Resources/Fonts & Materials/LiberationSans SDF.asset
  artifactKey: Guid(8f586378b4e144a9851e7b34d9b748ee) Importer(815301076,1909f56bfc062723c751e8b465ee728b)
Start importing Assets/TextMesh Pro/Resources/Fonts & Materials/LiberationSans SDF.asset using Guid(8f586378b4e144a9851e7b34d9b748ee) Importer(815301076,1909f56bfc062723c751e8b465ee728b)  -> (artifact id: '1086c45db6b08dcccce6d79d94e9dad1') in 0.072954 seconds 
  Import took 0.091091 seconds .

========================================================================
Received Prepare
Shader 'Universal Render Pipeline/Particles/Lit': fallback shader 'Universal Render Pipeline/Particles/SimpleLit' not found
Refreshing native plugins compatible for Editor in 4.36 ms, found 2 plugins.
Preloading 0 native plugins for Editor in 0.00 ms.
Unloading 13 Unused Serialized files (Serialized files now loaded: 0)
System memory in use before: 85.9 MB.
System memory in use after: 86.1 MB.

Unloading 13 unused Assets to reduce memory usage. Loaded Objects now: 3380.
Total: 5.640800 ms (FindLiveObjects: 0.336400 ms CreateObjectMapping: 0.183200 ms MarkObjects: 5.083400 ms  DeleteObjects: 0.035400 ms)

AssetImportParameters requested are different than current active one (requested -> active):
  custom:framework-win-MediaFoundation: 216162199b28c13a410421893ffa2e32 -> 
  custom:video-decoder-ogg-theora: a1e56fd34408186e4bbccfd4996cb3dc -> 
  custom:container-muxer-webm: aa71ff27fc2769a1b78a27578f13a17b -> 
  custom:container-demuxer-webm: 4f35f7cbe854078d1ac9338744f61a02 -> 
  custom:container-demuxer-ogg: 62fdf1f143b41e24485cea50d1cbac27 -> 
  custom:video-encoder-webm-vp8: eb34c28f22e8b96e1ab97ce403110664 -> 
  custom:video-decoder-webm-vp8: 9c59270c3fd7afecdb556c50c9e8de78 -> 
  custom:audio-decoder-ogg-vorbis: bf7c407c2cedff20999df2af8eb42d56 -> 
  custom:audio-encoder-webm-vorbis: bf7c407c2cedff20999df2af8eb42d56 -> 
========================================================================
Received Import Request.
  Time since last request: 286.745126 seconds.
  path: Assets/Clean Vector Icons/T_3_sun_full_.png
  artifactKey: Guid(afcc21aaa520e9743b7c6ddd2ee73409) Importer(815301076,1909f56bfc062723c751e8b465ee728b)
Start importing Assets/Clean Vector Icons/T_3_sun_full_.png using Guid(afcc21aaa520e9743b7c6ddd2ee73409) Importer(815301076,1909f56bfc062723c751e8b465ee728b)  -> (artifact id: '8122f5a336e5ff0a1984be80d0a28dc8') in 0.830950 seconds 
  Import took 0.936943 seconds .

========================================================================
Received Import Request.
  Time since last request: 0.000262 seconds.
  path: Assets/Clean Vector Icons/T_3_sword_cut_.png
  artifactKey: Guid(d605befd4bec61449b7a5c492aaf2361) Importer(815301076,1909f56bfc062723c751e8b465ee728b)
Start importing Assets/Clean Vector Icons/T_3_sword_cut_.png using Guid(d605befd4bec61449b7a5c492aaf2361) Importer(815301076,1909f56bfc062723c751e8b465ee728b)  -> (artifact id: '4db6cf2ed5db843e6a8ff776d5f88a2c') in 0.263908 seconds 
  Import took 0.378291 seconds .

========================================================================
Received Import Request.
  Time since last request: 0.000263 seconds.
  path: Assets/Clean Vector Icons/T_3_sun_full_.png
  artifactKey: Guid(afcc21aaa520e9743b7c6ddd2ee73409) Importer(815301076,1909f56bfc062723c751e8b465ee728b)
Start importing Assets/Clean Vector Icons/T_3_sun_full_.png using Guid(afcc21aaa520e9743b7c6ddd2ee73409) Importer(815301076,1909f56bfc062723c751e8b465ee728b)  -> (artifact id: '8122f5a336e5ff0a1984be80d0a28dc8') in 0.019709 seconds 
  Import took 0.027436 seconds .

========================================================================
Received Import Request.
  Time since last request: 0.000431 seconds.
  path: Assets/Clean Vector Icons/T_3_sword_cut_.png
  artifactKey: Guid(d605befd4bec61449b7a5c492aaf2361) Importer(815301076,1909f56bfc062723c751e8b465ee728b)
Start importing Assets/Clean Vector Icons/T_3_sword_cut_.png using Guid(d605befd4bec61449b7a5c492aaf2361) Importer(815301076,1909f56bfc062723c751e8b465ee728b)  -> (artifact id: '4db6cf2ed5db843e6a8ff776d5f88a2c') in 0.025542 seconds 
  Import took 0.042332 seconds .

========================================================================
Received Import Request.
  Time since last request: 0.000245 seconds.
  path: Assets/Clean Vector Icons/T_4_arrow_empty_right_.png
  artifactKey: Guid(de328077ad8c9594c9ec3cf1023b25fe) Importer(815301076,1909f56bfc062723c751e8b465ee728b)
Start importing Assets/Clean Vector Icons/T_4_arrow_empty_right_.png using Guid(de328077ad8c9594c9ec3cf1023b25fe) Importer(815301076,1909f56bfc062723c751e8b465ee728b)  -> (artifact id: 'd1f4b9b1a05a0af169d8abefd0586de6') in 0.061011 seconds 
  Import took 0.103287 seconds .

========================================================================
Received Import Request.
  Time since last request: 0.000241 seconds.
  path: Assets/Clean Vector Icons/T_4_=_.png
  artifactKey: Guid(815a0f2c406c8284a98a80dff69ff8d8) Importer(815301076,1909f56bfc062723c751e8b465ee728b)
Start importing Assets/Clean Vector Icons/T_4_=_.png using Guid(815a0f2c406c8284a98a80dff69ff8d8) Importer(815301076,1909f56bfc062723c751e8b465ee728b)  -> (artifact id: 'f346998ee33f831fa2438aa77101e7b5') in 0.092451 seconds 
  Import took 0.149759 seconds .

========================================================================
Received Import Request.
  Time since last request: 0.005241 seconds.
  path: Assets/Clean Vector Icons/T_4_=_.png
  artifactKey: Guid(815a0f2c406c8284a98a80dff69ff8d8) Importer(815301076,1909f56bfc062723c751e8b465ee728b)
Start importing Assets/Clean Vector Icons/T_4_=_.png using Guid(815a0f2c406c8284a98a80dff69ff8d8) Importer(815301076,1909f56bfc062723c751e8b465ee728b)  -> (artifact id: 'f346998ee33f831fa2438aa77101e7b5') in 0.026170 seconds 
  Import took 0.041536 seconds .

========================================================================
Received Import Request.
  Time since last request: 1.067767 seconds.
  path: Assets/Clean Vector Icons/T_4_bottle_small_empty_.png
  artifactKey: Guid(9505d7d09d7f3704f9cd0ac449fb9ac1) Importer(815301076,1909f56bfc062723c751e8b465ee728b)
Start importing Assets/Clean Vector Icons/T_4_bottle_small_empty_.png using Guid(9505d7d09d7f3704f9cd0ac449fb9ac1) Importer(815301076,1909f56bfc062723c751e8b465ee728b)  -> (artifact id: '188110692bf785bd030a8ce25272610d') in 0.110370 seconds 
  Import took 0.131121 seconds .

========================================================================
Received Import Request.
  Time since last request: 0.000337 seconds.
  path: Assets/Clean Vector Icons/T_4_shield_bezel_.png
  artifactKey: Guid(570018e27fa24c34091ab0bbdcff209b) Importer(815301076,1909f56bfc062723c751e8b465ee728b)
Start importing Assets/Clean Vector Icons/T_4_shield_bezel_.png using Guid(570018e27fa24c34091ab0bbdcff209b) Importer(815301076,1909f56bfc062723c751e8b465ee728b)  -> (artifact id: '6dd364d8d81599a7c8c58fb02afe36ff') in 0.063909 seconds 
  Import took 0.070788 seconds .

========================================================================
Received Import Request.
  Time since last request: 0.000570 seconds.
  path: Assets/Clean Vector Icons/T_4_frost_.png
  artifactKey: Guid(c27014685dc9aee42800f1851d0d6e6d) Importer(815301076,1909f56bfc062723c751e8b465ee728b)
Start importing Assets/Clean Vector Icons/T_4_frost_.png using Guid(c27014685dc9aee42800f1851d0d6e6d) Importer(815301076,1909f56bfc062723c751e8b465ee728b)  -> (artifact id: 'a644c5416cd89b43285ad46ae7b51cea') in 0.066359 seconds 
  Import took 0.106756 seconds .

========================================================================
Received Import Request.
  Time since last request: 0.000251 seconds.
  path: Assets/Clean Vector Icons/T_4_sun_half_.png
  artifactKey: Guid(25180e46342b2214a9d68d0f0ce01ca5) Importer(815301076,1909f56bfc062723c751e8b465ee728b)
Start importing Assets/Clean Vector Icons/T_4_sun_half_.png using Guid(25180e46342b2214a9d68d0f0ce01ca5) Importer(815301076,1909f56bfc062723c751e8b465ee728b)  -> (artifact id: 'be9132aa1a309fbb5aae19a00aa5fe97') in 0.056868 seconds 
  Import took 0.082882 seconds .

========================================================================
Received Import Request.
  Time since last request: 0.000320 seconds.
  path: Assets/Clean Vector Icons/T_4_scroll_+_.png
  artifactKey: Guid(99f13d49cb3a1e24cbf97075d80ae0cb) Importer(815301076,1909f56bfc062723c751e8b465ee728b)
Start importing Assets/Clean Vector Icons/T_4_scroll_+_.png using Guid(99f13d49cb3a1e24cbf97075d80ae0cb) Importer(815301076,1909f56bfc062723c751e8b465ee728b)  -> (artifact id: 'e8ebfd55625d8482a8901a7e1bf61e71') in 0.071635 seconds 
  Import took 0.103016 seconds .

========================================================================
Received Import Request.
  Time since last request: 0.000304 seconds.
  path: Assets/Clean Vector Icons/T_4_magnifier_eye_.png
  artifactKey: Guid(01b741f16dda06c4fbe68d6251587847) Importer(815301076,1909f56bfc062723c751e8b465ee728b)
Start importing Assets/Clean Vector Icons/T_4_magnifier_eye_.png using Guid(01b741f16dda06c4fbe68d6251587847) Importer(815301076,1909f56bfc062723c751e8b465ee728b)  -> (artifact id: '1f42120fa9271f69460c080bea3ae4d6') in 0.090338 seconds 
  Import took 0.118733 seconds .

========================================================================
Received Import Request.
  Time since last request: 0.000297 seconds.
  path: Assets/Clean Vector Icons/T_5_letter_-_.png
  artifactKey: Guid(1a87dc30d02858b43b02b8d3781af70b) Importer(815301076,1909f56bfc062723c751e8b465ee728b)
Start importing Assets/Clean Vector Icons/T_5_letter_-_.png using Guid(1a87dc30d02858b43b02b8d3781af70b) Importer(815301076,1909f56bfc062723c751e8b465ee728b)  -> (artifact id: '038b5602a9e0002d5fdf382760c7bb77') in 0.066748 seconds 
  Import took 0.090757 seconds .

========================================================================
Received Import Request.
  Time since last request: 0.000355 seconds.
  path: Assets/Clean Vector Icons/T_5_magnifier_eye_crossed_al_.png
  artifactKey: Guid(bfa7019f88769204c904dbd91fb996f3) Importer(815301076,1909f56bfc062723c751e8b465ee728b)
Start importing Assets/Clean Vector Icons/T_5_magnifier_eye_crossed_al_.png using Guid(bfa7019f88769204c904dbd91fb996f3) Importer(815301076,1909f56bfc062723c751e8b465ee728b)  -> (artifact id: '3a2f5687a4320d1bfffefa1d6a034404') in 0.034218 seconds 
  Import took 0.052474 seconds .

========================================================================
Received Import Request.
  Time since last request: 0.000521 seconds.
  path: Assets/Clean Vector Icons/T_5_cursor_x_al_.png
  artifactKey: Guid(8bf839021e420dd459a61f9c1c0354f7) Importer(815301076,1909f56bfc062723c751e8b465ee728b)
Start importing Assets/Clean Vector Icons/T_5_cursor_x_al_.png using Guid(8bf839021e420dd459a61f9c1c0354f7) Importer(815301076,1909f56bfc062723c751e8b465ee728b)  -> (artifact id: '83be2903b5c20d4bd1e3b653153900f7') in 0.081183 seconds 
  Import took 0.131501 seconds .

========================================================================
Received Import Request.
  Time since last request: 0.000304 seconds.
  path: Assets/Clean Vector Icons/T_5_eye_cross_.png
  artifactKey: Guid(2251011a5d10c124ea35f86c11f5d53b) Importer(815301076,1909f56bfc062723c751e8b465ee728b)
Start importing Assets/Clean Vector Icons/T_5_eye_cross_.png using Guid(2251011a5d10c124ea35f86c11f5d53b) Importer(815301076,1909f56bfc062723c751e8b465ee728b)  -> (artifact id: '943e6ef4c7e0c3da46859e4c8eb5d64e') in 0.038468 seconds 
  Import took 0.096390 seconds .

========================================================================
Received Import Request.
  Time since last request: 0.000330 seconds.
  path: Assets/Clean Vector Icons/T_5_head_rogure_.png
  artifactKey: Guid(06823b49a1fcd154da0942a436195adb) Importer(815301076,1909f56bfc062723c751e8b465ee728b)
Start importing Assets/Clean Vector Icons/T_5_head_rogure_.png using Guid(06823b49a1fcd154da0942a436195adb) Importer(815301076,1909f56bfc062723c751e8b465ee728b)  -> (artifact id: '8e0598579ff1cced08ad178f1840b840') in 0.068493 seconds 
  Import took 0.096425 seconds .

========================================================================
Received Import Request.
  Time since last request: 0.000251 seconds.
  path: Assets/Clean Vector Icons/T_6_continue_.png
  artifactKey: Guid(d42cfe7bed8439c439378d1a7e76f4e3) Importer(815301076,1909f56bfc062723c751e8b465ee728b)
Start importing Assets/Clean Vector Icons/T_6_continue_.png using Guid(d42cfe7bed8439c439378d1a7e76f4e3) Importer(815301076,1909f56bfc062723c751e8b465ee728b)  -> (artifact id: 'da88e06b82fc7f614c64231a9fcf057c') in 0.066593 seconds 
  Import took 0.111928 seconds .

========================================================================
Received Import Request.
  Time since last request: 0.000336 seconds.
  path: Assets/Clean Vector Icons/T_5_coin_bag2_.png
  artifactKey: Guid(95ffc4f28f629d045b5a5ded06e879fd) Importer(815301076,1909f56bfc062723c751e8b465ee728b)
Start importing Assets/Clean Vector Icons/T_5_coin_bag2_.png using Guid(95ffc4f28f629d045b5a5ded06e879fd) Importer(815301076,1909f56bfc062723c751e8b465ee728b)  -> (artifact id: 'bf7a92eeb885087929fbc1a660a41c92') in 0.048550 seconds 
  Import took 0.078599 seconds .

========================================================================
Received Import Request.
  Time since last request: 0.000395 seconds.
  path: Assets/Clean Vector Icons/T_5_x_.png
  artifactKey: Guid(a3580baf4cda17643bebcd843ca5881f) Importer(815301076,1909f56bfc062723c751e8b465ee728b)
Start importing Assets/Clean Vector Icons/T_5_x_.png using Guid(a3580baf4cda17643bebcd843ca5881f) Importer(815301076,1909f56bfc062723c751e8b465ee728b)  -> (artifact id: '1cb67f13b252b1de6f3660aca9ec73bc') in 0.051166 seconds 
  Import took 0.097788 seconds .

========================================================================
Received Import Request.
  Time since last request: 0.000354 seconds.
  path: Assets/Clean Vector Icons/T_5_magnifier_eye_crossed_.png
  artifactKey: Guid(aedbd15ce275f33479defa6cc11f2ab9) Importer(815301076,1909f56bfc062723c751e8b465ee728b)
Start importing Assets/Clean Vector Icons/T_5_magnifier_eye_crossed_.png using Guid(aedbd15ce275f33479defa6cc11f2ab9) Importer(815301076,1909f56bfc062723c751e8b465ee728b)  -> (artifact id: '899a9788d82dd314d5a65046690e1be9') in 0.070738 seconds 
  Import took 0.094257 seconds .

========================================================================
Received Import Request.
  Time since last request: 0.000313 seconds.
  path: Assets/Clean Vector Icons/T_6_cloud_.png
  artifactKey: Guid(6de84b3b23aed7c44bbf4fa283ffb05e) Importer(815301076,1909f56bfc062723c751e8b465ee728b)
Start importing Assets/Clean Vector Icons/T_6_cloud_.png using Guid(6de84b3b23aed7c44bbf4fa283ffb05e) Importer(815301076,1909f56bfc062723c751e8b465ee728b)  -> (artifact id: 'a98987335f428dbe0222761b61cf68dc') in 0.055924 seconds 
  Import took 0.107849 seconds .

========================================================================
Received Import Request.
  Time since last request: 0.000254 seconds.
  path: Assets/Clean Vector Icons/T_4_cursor_=_al_.png
  artifactKey: Guid(8ccbbe0572b5f224ab0e0c4cc981c879) Importer(815301076,1909f56bfc062723c751e8b465ee728b)
Start importing Assets/Clean Vector Icons/T_4_cursor_=_al_.png using Guid(8ccbbe0572b5f224ab0e0c4cc981c879) Importer(815301076,1909f56bfc062723c751e8b465ee728b)  -> (artifact id: '065af90290fe295bf9d67cc2a9e1569b') in 0.072128 seconds 
  Import took 0.092866 seconds .

========================================================================
Received Import Request.
  Time since last request: 0.000221 seconds.
  path: Assets/Clean Vector Icons/T_5_column_sound2_.png
  artifactKey: Guid(4487209fdda91154da619301adb9e6c4) Importer(815301076,1909f56bfc062723c751e8b465ee728b)
Start importing Assets/Clean Vector Icons/T_5_column_sound2_.png using Guid(4487209fdda91154da619301adb9e6c4) Importer(815301076,1909f56bfc062723c751e8b465ee728b)  -> (artifact id: '99f8e85b48c52fbae182adcebc6e3184') in 0.066332 seconds 
  Import took 0.105523 seconds .

========================================================================
Received Import Request.
  Time since last request: 0.000253 seconds.
  path: Assets/Clean Vector Icons/T_5_arrow_up_.png
  artifactKey: Guid(137c605350849a743b8a4644b7de27be) Importer(815301076,1909f56bfc062723c751e8b465ee728b)
Start importing Assets/Clean Vector Icons/T_5_arrow_up_.png using Guid(137c605350849a743b8a4644b7de27be) Importer(815301076,1909f56bfc062723c751e8b465ee728b)  -> (artifact id: '9bbc6e020783494753c8f702576d1176') in 0.045311 seconds 
  Import took 0.065929 seconds .

========================================================================
Received Import Request.
  Time since last request: 0.000319 seconds.
  path: Assets/Clean Vector Icons/T_6_cursor_devide_al_.png
  artifactKey: Guid(3de84b461969c2b488f545e305d3f08a) Importer(815301076,1909f56bfc062723c751e8b465ee728b)
Start importing Assets/Clean Vector Icons/T_6_cursor_devide_al_.png using Guid(3de84b461969c2b488f545e305d3f08a) Importer(815301076,1909f56bfc062723c751e8b465ee728b)  -> (artifact id: 'ba2fcdee551e40ccadae547d8ea837af') in 0.047471 seconds 
  Import took 0.080019 seconds .

========================================================================
Received Import Request.
  Time since last request: 0.000340 seconds.
  path: Assets/Clean Vector Icons/T_5_drop_.png
  artifactKey: Guid(6f649aea2852e3b46a8c4386355a2c53) Importer(815301076,1909f56bfc062723c751e8b465ee728b)
Start importing Assets/Clean Vector Icons/T_5_drop_.png using Guid(6f649aea2852e3b46a8c4386355a2c53) Importer(815301076,1909f56bfc062723c751e8b465ee728b)  -> (artifact id: '4ad0e938bdce31940084c270187db703') in 0.071766 seconds 
  Import took 0.107453 seconds .

========================================================================
Received Import Request.
  Time since last request: 0.000367 seconds.
  path: Assets/Clean Vector Icons/T_4_sword_saw_.png
  artifactKey: Guid(d54a9728519c5d54bbe09aff5bd95284) Importer(815301076,1909f56bfc062723c751e8b465ee728b)
Start importing Assets/Clean Vector Icons/T_4_sword_saw_.png using Guid(d54a9728519c5d54bbe09aff5bd95284) Importer(815301076,1909f56bfc062723c751e8b465ee728b)  -> (artifact id: '6d24f32363783d73c816ef11075f8c2f') in 0.097259 seconds 
  Import took 0.146525 seconds .

========================================================================
Received Import Request.
  Time since last request: 0.000247 seconds.
  path: Assets/Clean Vector Icons/T_6_mace_.png
  artifactKey: Guid(b9d3d7dbf5c4f114fbe9d15c62c0f9cc) Importer(815301076,1909f56bfc062723c751e8b465ee728b)
Start importing Assets/Clean Vector Icons/T_6_mace_.png using Guid(b9d3d7dbf5c4f114fbe9d15c62c0f9cc) Importer(815301076,1909f56bfc062723c751e8b465ee728b)  -> (artifact id: '5423aeb0cea0e7eadc12233dcee8c973') in 0.082344 seconds 
  Import took 0.118054 seconds .

========================================================================
Received Import Request.
  Time since last request: 0.000322 seconds.
  path: Assets/Clean Vector Icons/T_6_barrel_.png
  artifactKey: Guid(fdf81e4514a3ee343842aa1421113184) Importer(815301076,1909f56bfc062723c751e8b465ee728b)
Start importing Assets/Clean Vector Icons/T_6_barrel_.png using Guid(fdf81e4514a3ee343842aa1421113184) Importer(815301076,1909f56bfc062723c751e8b465ee728b)  -> (artifact id: '94e723f390007ac5b938656e55c31aec') in 0.126945 seconds 
  Import took 0.157016 seconds .

========================================================================
Received Import Request.
  Time since last request: 0.000234 seconds.
  path: Assets/Clean Vector Icons/T_6_head_scull_.png
  artifactKey: Guid(8066e15c4e3df6e4f9806f9d5f71e70a) Importer(815301076,1909f56bfc062723c751e8b465ee728b)
Start importing Assets/Clean Vector Icons/T_6_head_scull_.png using Guid(8066e15c4e3df6e4f9806f9d5f71e70a) Importer(815301076,1909f56bfc062723c751e8b465ee728b)  -> (artifact id: 'b7d358b9d70ffde451c74e7675ce9976') in 0.113239 seconds 
  Import took 0.169318 seconds .

========================================================================
Received Import Request.
  Time since last request: 0.001607 seconds.
  path: Assets/Clean Vector Icons/T_4_coin_bag1_.png
  artifactKey: Guid(73b277da837c0874893f6123d5842ca0) Importer(815301076,1909f56bfc062723c751e8b465ee728b)
Start importing Assets/Clean Vector Icons/T_4_coin_bag1_.png using Guid(73b277da837c0874893f6123d5842ca0) Importer(815301076,1909f56bfc062723c751e8b465ee728b)  -> (artifact id: 'c4e0d707a04fb9b60490a4334d4629f2') in 0.116290 seconds 
  Import took 0.208588 seconds .

========================================================================
Received Import Request.
  Time since last request: 0.000984 seconds.
  path: Assets/Clean Vector Icons/T_4_head_knignt_.png
  artifactKey: Guid(5e2805d1479227b499602a8f62f9a0e7) Importer(815301076,1909f56bfc062723c751e8b465ee728b)
Start importing Assets/Clean Vector Icons/T_4_head_knignt_.png using Guid(5e2805d1479227b499602a8f62f9a0e7) Importer(815301076,1909f56bfc062723c751e8b465ee728b)  -> (artifact id: 'a3e961f611728b08374b991d867e8ab3') in 0.104659 seconds 
  Import took 0.130889 seconds .

========================================================================
Received Import Request.
  Time since last request: 0.000436 seconds.
  path: Assets/Clean Vector Icons/T_6_bottle_small_full_.png
  artifactKey: Guid(667647984c5ed7f498543ddc58a219a4) Importer(815301076,1909f56bfc062723c751e8b465ee728b)
Start importing Assets/Clean Vector Icons/T_6_bottle_small_full_.png using Guid(667647984c5ed7f498543ddc58a219a4) Importer(815301076,1909f56bfc062723c751e8b465ee728b)  -> (artifact id: 'c09c3e56bda52c648c769ed6924ac44c') in 0.083443 seconds 
  Import took 0.089231 seconds .

========================================================================
Received Import Request.
  Time since last request: 0.000374 seconds.
  path: Assets/Clean Vector Icons/T_4_magnifier_eye_al_.png
  artifactKey: Guid(4c1d44382b9c700468f015c68363321f) Importer(815301076,1909f56bfc062723c751e8b465ee728b)
Start importing Assets/Clean Vector Icons/T_4_magnifier_eye_al_.png using Guid(4c1d44382b9c700468f015c68363321f) Importer(815301076,1909f56bfc062723c751e8b465ee728b)  -> (artifact id: 'c3004d1cf329f45b60f22f73c3771eba') in 0.067453 seconds 
  Import took 0.093148 seconds .

========================================================================
Received Import Request.
  Time since last request: 0.000314 seconds.
  path: Assets/Clean Vector Icons/T_6_arrow_down_.png
  artifactKey: Guid(515e1722bb0b86e4bb28c0aaade52e65) Importer(815301076,1909f56bfc062723c751e8b465ee728b)
Start importing Assets/Clean Vector Icons/T_6_arrow_down_.png using Guid(515e1722bb0b86e4bb28c0aaade52e65) Importer(815301076,1909f56bfc062723c751e8b465ee728b)  -> (artifact id: 'a8f8a253edd55bd665b57b95cf200c3d') in 0.084719 seconds 
  Import took 0.111931 seconds .

========================================================================
Received Import Request.
  Time since last request: 0.000308 seconds.
  path: Assets/Clean Vector Icons/T_5_sword_.png
  artifactKey: Guid(a59d6029d282ea148bf57966b0c2401e) Importer(815301076,1909f56bfc062723c751e8b465ee728b)
Start importing Assets/Clean Vector Icons/T_5_sword_.png using Guid(a59d6029d282ea148bf57966b0c2401e) Importer(815301076,1909f56bfc062723c751e8b465ee728b)  -> (artifact id: '2d6d38c316a0a6c0e7805a40c1734dac') in 0.039107 seconds 
  Import took 0.061885 seconds .

========================================================================
Received Import Request.
  Time since last request: 0.000264 seconds.
  path: Assets/Clean Vector Icons/T_5_scroll_-_.png
  artifactKey: Guid(790128c15d19af4439ebab9bad9afec8) Importer(815301076,1909f56bfc062723c751e8b465ee728b)
Start importing Assets/Clean Vector Icons/T_5_scroll_-_.png using Guid(790128c15d19af4439ebab9bad9afec8) Importer(815301076,1909f56bfc062723c751e8b465ee728b)  -> (artifact id: '79a58ee72222bf975390229fc7dbb873') in 0.040139 seconds 
  Import took 0.067018 seconds .

========================================================================
Received Import Request.
  Time since last request: 0.000286 seconds.
  path: Assets/Clean Vector Icons/T_4_letter_+_.png
  artifactKey: Guid(514abb40e3c586648974a711b1a6ad3d) Importer(815301076,1909f56bfc062723c751e8b465ee728b)
Start importing Assets/Clean Vector Icons/T_4_letter_+_.png using Guid(514abb40e3c586648974a711b1a6ad3d) Importer(815301076,1909f56bfc062723c751e8b465ee728b)  -> (artifact id: '57491bea1667968b17fc637342739eb3') in 0.062978 seconds 
  Import took 0.089987 seconds .

========================================================================
Received Import Request.
  Time since last request: 0.000245 seconds.
  path: Assets/Clean Vector Icons/T_6_devide_.png
  artifactKey: Guid(071a5d518c1fc4841838c36485123b3b) Importer(815301076,1909f56bfc062723c751e8b465ee728b)
Start importing Assets/Clean Vector Icons/T_6_devide_.png using Guid(071a5d518c1fc4841838c36485123b3b) Importer(815301076,1909f56bfc062723c751e8b465ee728b)  -> (artifact id: 'c4023b48bed90bc636a03ad70096520a') in 0.058654 seconds 
  Import took 0.105735 seconds .

========================================================================
Received Import Request.
  Time since last request: 0.000294 seconds.
  path: Assets/Clean Vector Icons/T_5_sun_empty_.png
  artifactKey: Guid(a893af5c92e73d24bbea12aeb87df664) Importer(815301076,1909f56bfc062723c751e8b465ee728b)
Start importing Assets/Clean Vector Icons/T_5_sun_empty_.png using Guid(a893af5c92e73d24bbea12aeb87df664) Importer(815301076,1909f56bfc062723c751e8b465ee728b)  -> (artifact id: 'b23e8faa679904a653247033e8caaee0') in 0.062645 seconds 
  Import took 0.107863 seconds .

========================================================================
Received Import Request.
  Time since last request: 0.000271 seconds.
  path: Assets/Clean Vector Icons/T_6_head_king_.png
  artifactKey: Guid(01f37c4d7431f454297eadac8750d509) Importer(815301076,1909f56bfc062723c751e8b465ee728b)
Start importing Assets/Clean Vector Icons/T_6_head_king_.png using Guid(01f37c4d7431f454297eadac8750d509) Importer(815301076,1909f56bfc062723c751e8b465ee728b)  -> (artifact id: 'd3644d717f97dcc1a7e86f787675225c') in 0.089719 seconds 
  Import took 0.138033 seconds .

========================================================================
Received Import Request.
  Time since last request: 0.000284 seconds.
  path: Assets/Clean Vector Icons/T_4_column_sound1_.png
  artifactKey: Guid(a180731ab7211ec4ebd0f41648d49450) Importer(815301076,1909f56bfc062723c751e8b465ee728b)
Start importing Assets/Clean Vector Icons/T_4_column_sound1_.png using Guid(a180731ab7211ec4ebd0f41648d49450) Importer(815301076,1909f56bfc062723c751e8b465ee728b)  -> (artifact id: 'd82ca1327ca2384bac9070b112001002') in 0.057957 seconds 
  Import took 0.176473 seconds .

========================================================================
Received Import Request.
  Time since last request: 0.000305 seconds.
  path: Assets/Clean Vector Icons/T_4_eye_bleed_.png
  artifactKey: Guid(33a6203d7c3a9244ba0e334f4fe0ac3a) Importer(815301076,1909f56bfc062723c751e8b465ee728b)
Start importing Assets/Clean Vector Icons/T_4_eye_bleed_.png using Guid(33a6203d7c3a9244ba0e334f4fe0ac3a) Importer(815301076,1909f56bfc062723c751e8b465ee728b)  -> (artifact id: 'bdd26ebdce3080d8155f3a7878623536') in 0.068980 seconds 
  Import took 0.107331 seconds .

========================================================================
Received Import Request.
  Time since last request: 0.000339 seconds.
  path: Assets/Clean Vector Icons/T_5_bottle_small_half_.png
  artifactKey: Guid(56b6d779582183d49878dc21bb5496bf) Importer(815301076,1909f56bfc062723c751e8b465ee728b)
Start importing Assets/Clean Vector Icons/T_5_bottle_small_half_.png using Guid(56b6d779582183d49878dc21bb5496bf) Importer(815301076,1909f56bfc062723c751e8b465ee728b)  -> (artifact id: 'bd13ac2809334f6725cdc275a69ed828') in 0.066608 seconds 
  Import took 0.147258 seconds .

========================================================================
Received Import Request.
  Time since last request: 1.214393 seconds.
  path: Assets/Clean Vector Icons/T_6_scroll_eye_.png
  artifactKey: Guid(99804c36b51fc9c4f8fe30baab62dd4b) Importer(815301076,1909f56bfc062723c751e8b465ee728b)
Start importing Assets/Clean Vector Icons/T_6_scroll_eye_.png using Guid(99804c36b51fc9c4f8fe30baab62dd4b) Importer(815301076,1909f56bfc062723c751e8b465ee728b)  -> (artifact id: '22f11c13700c70d9f92bda5689232ac4') in 0.131026 seconds 
  Import took 0.225451 seconds .

========================================================================
Received Import Request.
  Time since last request: 0.000345 seconds.
  path: Assets/Clean Vector Icons/T_7_arrow_left_.png
  artifactKey: Guid(974fd4633f76fe24b854d48b461656a1) Importer(815301076,1909f56bfc062723c751e8b465ee728b)
Start importing Assets/Clean Vector Icons/T_7_arrow_left_.png using Guid(974fd4633f76fe24b854d48b461656a1) Importer(815301076,1909f56bfc062723c751e8b465ee728b)  -> (artifact id: '182887ccaecbfb3834741b35f5312c80') in 0.142145 seconds 
  Import took 0.154460 seconds .

========================================================================
Received Import Request.
  Time since last request: 0.000233 seconds.
  path: Assets/Clean Vector Icons/T_7_head_scull_enemy_.png
  artifactKey: Guid(e5da668c6557abb47a17a303cf69943f) Importer(815301076,1909f56bfc062723c751e8b465ee728b)
Start importing Assets/Clean Vector Icons/T_7_head_scull_enemy_.png using Guid(e5da668c6557abb47a17a303cf69943f) Importer(815301076,1909f56bfc062723c751e8b465ee728b)  -> (artifact id: '6b0aeb467121065f971bf7caa559c81d') in 0.072384 seconds 
  Import took 0.123019 seconds .

========================================================================
Received Import Request.
  Time since last request: 0.000256 seconds.
  path: Assets/Clean Vector Icons/T_8_arrow_right_.png
  artifactKey: Guid(90bd95b9cd8e8f44ebb15453b5fa16cb) Importer(815301076,1909f56bfc062723c751e8b465ee728b)
Start importing Assets/Clean Vector Icons/T_8_arrow_right_.png using Guid(90bd95b9cd8e8f44ebb15453b5fa16cb) Importer(815301076,1909f56bfc062723c751e8b465ee728b)  -> (artifact id: '9b612bae37b553383c9fb1f85fb9ec3e') in 0.090536 seconds 
  Import took 0.098689 seconds .

========================================================================
Received Import Request.
  Time since last request: 0.000336 seconds.
  path: Assets/Clean Vector Icons/T_7_question_.png
  artifactKey: Guid(cca9ca156bf61e445b872555e11ba23e) Importer(815301076,1909f56bfc062723c751e8b465ee728b)
Start importing Assets/Clean Vector Icons/T_7_question_.png using Guid(cca9ca156bf61e445b872555e11ba23e) Importer(815301076,1909f56bfc062723c751e8b465ee728b)  -> (artifact id: '31a413b0b763057f7d1603a778d6c25d') in 0.147785 seconds 
  Import took 0.190649 seconds .

========================================================================
Received Import Request.
  Time since last request: 0.000287 seconds.
  path: Assets/Clean Vector Icons/T_7_book_.png
  artifactKey: Guid(d0ec2e65dadd70346b81af93bb4eb352) Importer(815301076,1909f56bfc062723c751e8b465ee728b)
Start importing Assets/Clean Vector Icons/T_7_book_.png using Guid(d0ec2e65dadd70346b81af93bb4eb352) Importer(815301076,1909f56bfc062723c751e8b465ee728b)  -> (artifact id: 'e2f3b8ab88e3509b21fb8f207ba140bc') in 0.082085 seconds 
  Import took 0.122773 seconds .

========================================================================
Received Import Request.
  Time since last request: 0.000333 seconds.
  path: Assets/Clean Vector Icons/T_7_cursor_question_al_.png
  artifactKey: Guid(0781e066f75aaa94095583eafdec5d8f) Importer(815301076,1909f56bfc062723c751e8b465ee728b)
Start importing Assets/Clean Vector Icons/T_7_cursor_question_al_.png using Guid(0781e066f75aaa94095583eafdec5d8f) Importer(815301076,1909f56bfc062723c751e8b465ee728b)  -> (artifact id: 'a0d63680c4ca9a6a6bb3387515b4f828') in 0.097027 seconds 
  Import took 0.205496 seconds .

========================================================================
Received Import Request.
  Time since last request: 0.000322 seconds.
  path: Assets/Clean Vector Icons/T_7_cloud&sun_.png
  artifactKey: Guid(f0660b05fbd6535418bc2b4696033130) Importer(815301076,1909f56bfc062723c751e8b465ee728b)
Start importing Assets/Clean Vector Icons/T_7_cloud&sun_.png using Guid(f0660b05fbd6535418bc2b4696033130) Importer(815301076,1909f56bfc062723c751e8b465ee728b)  -> (artifact id: 'ceacb2f16ba47f62016613c019c4023c') in 0.081346 seconds 
  Import took 0.136265 seconds .

========================================================================
Received Import Request.
  Time since last request: 0.000279 seconds.
  path: Assets/Clean Vector Icons/T_7_bottle_heal_.png
  artifactKey: Guid(8747fbd096b50834ab608c29a3c05bcc) Importer(815301076,1909f56bfc062723c751e8b465ee728b)
Start importing Assets/Clean Vector Icons/T_7_bottle_heal_.png using Guid(8747fbd096b50834ab608c29a3c05bcc) Importer(815301076,1909f56bfc062723c751e8b465ee728b)  -> (artifact id: 'a21f3380fb13a94620b94628e47a7a85') in 0.078220 seconds 
  Import took 0.123521 seconds .

========================================================================
Received Import Request.
  Time since last request: 0.000323 seconds.
  path: Assets/Clean Vector Icons/T_7_continue_mirror_.png
  artifactKey: Guid(f017e7bcc9f6369459f88b9dd37737d6) Importer(815301076,1909f56bfc062723c751e8b465ee728b)
Start importing Assets/Clean Vector Icons/T_7_continue_mirror_.png using Guid(f017e7bcc9f6369459f88b9dd37737d6) Importer(815301076,1909f56bfc062723c751e8b465ee728b)  -> (artifact id: '7dce591cf74045bddf89192084ee12dc') in 0.065849 seconds 
  Import took 0.287531 seconds .

========================================================================
Received Import Request.
  Time since last request: 0.000318 seconds.
  path: Assets/Clean Vector Icons/T_7_waraxe_.png
  artifactKey: Guid(2820b2e4880bb924da42e15982d02033) Importer(815301076,1909f56bfc062723c751e8b465ee728b)
Start importing Assets/Clean Vector Icons/T_7_waraxe_.png using Guid(2820b2e4880bb924da42e15982d02033) Importer(815301076,1909f56bfc062723c751e8b465ee728b)  -> (artifact id: 'e9b2e1a1e6a6971c33460d49853e4646') in 0.069569 seconds 
  Import took 0.128815 seconds .

========================================================================
Received Import Request.
  Time since last request: 0.000343 seconds.
  path: Assets/Clean Vector Icons/T_7_plant1_.png
  artifactKey: Guid(cc08ccd1cf04a3d43b8d437d087cfc02) Importer(815301076,1909f56bfc062723c751e8b465ee728b)
Start importing Assets/Clean Vector Icons/T_7_plant1_.png using Guid(cc08ccd1cf04a3d43b8d437d087cfc02) Importer(815301076,1909f56bfc062723c751e8b465ee728b)  -> (artifact id: '32057d5dd0887e93f118dfce894878a3') in 0.071383 seconds 
  Import took 0.140450 seconds .

========================================================================
Received Import Request.
  Time since last request: 0.985197 seconds.
  path: Assets/Clean Vector Icons/T_8_bottle_magic_.png
  artifactKey: Guid(d3590afc6b555c44d8fcd6c5241012ab) Importer(815301076,1909f56bfc062723c751e8b465ee728b)
Start importing Assets/Clean Vector Icons/T_8_bottle_magic_.png using Guid(d3590afc6b555c44d8fcd6c5241012ab) Importer(815301076,1909f56bfc062723c751e8b465ee728b)  -> (artifact id: '1ea5ffcecd33f6231ac4659a48103941') in 0.224335 seconds 
  Import took 0.532437 seconds .

========================================================================
Received Import Request.
  Time since last request: 0.000243 seconds.
  path: Assets/Clean Vector Icons/T_9_cursor_eye_al_.png
  artifactKey: Guid(849a2438d5e563a4daf827e412d69f46) Importer(815301076,1909f56bfc062723c751e8b465ee728b)
Start importing Assets/Clean Vector Icons/T_9_cursor_eye_al_.png using Guid(849a2438d5e563a4daf827e412d69f46) Importer(815301076,1909f56bfc062723c751e8b465ee728b)  -> (artifact id: '997afa2d3b4998ca34c25bf60583a7ce') in 0.349922 seconds 
  Import took 0.466967 seconds .

========================================================================
Received Import Request.
  Time since last request: 0.000337 seconds.
  path: Assets/Clean Vector Icons/T_8_heart_.png
  artifactKey: Guid(ff540c47ce362b14586113013966b811) Importer(815301076,1909f56bfc062723c751e8b465ee728b)
Start importing Assets/Clean Vector Icons/T_8_heart_.png using Guid(ff540c47ce362b14586113013966b811) Importer(815301076,1909f56bfc062723c751e8b465ee728b)  -> (artifact id: '4f067cb99cac16f0cf88a4934ad0376b') in 0.102883 seconds 
  Import took 0.137699 seconds .

========================================================================
Received Import Request.
  Time since last request: 0.000258 seconds.
  path: Assets/Clean Vector Icons/T_8_cloud_up_.png
  artifactKey: Guid(238db121647eec74dad1ce3e44168059) Importer(815301076,1909f56bfc062723c751e8b465ee728b)
Start importing Assets/Clean Vector Icons/T_8_cloud_up_.png using Guid(238db121647eec74dad1ce3e44168059) Importer(815301076,1909f56bfc062723c751e8b465ee728b)  -> (artifact id: '586e3c98b7324090d1921f64eb0660b8') in 0.133878 seconds 
  Import took 0.145920 seconds .

========================================================================
Received Import Request.
  Time since last request: 0.000324 seconds.
  path: Assets/Clean Vector Icons/T_9_bottle_eye_.png
  artifactKey: Guid(4c8c3cce53210f54cacb61dbe4ed20f4) Importer(815301076,1909f56bfc062723c751e8b465ee728b)
Start importing Assets/Clean Vector Icons/T_9_bottle_eye_.png using Guid(4c8c3cce53210f54cacb61dbe4ed20f4) Importer(815301076,1909f56bfc062723c751e8b465ee728b)  -> (artifact id: '0205163a4cac86462c5ce323a0a956f1') in 0.121759 seconds 
  Import took 0.183464 seconds .

========================================================================
Received Import Request.
  Time since last request: 0.000483 seconds.
  path: Assets/Clean Vector Icons/T_8_tab_.png
  artifactKey: Guid(64df4b6d7138b2c489e0b9a444cfa521) Importer(815301076,1909f56bfc062723c751e8b465ee728b)
Start importing Assets/Clean Vector Icons/T_8_tab_.png using Guid(64df4b6d7138b2c489e0b9a444cfa521) Importer(815301076,1909f56bfc062723c751e8b465ee728b)  -> (artifact id: 'bffc9336bbd8cd1b23aa12938cb8e519') in 0.124655 seconds 
  Import took 0.137866 seconds .

========================================================================
Received Import Request.
  Time since last request: 0.000342 seconds.
  path: Assets/Clean Vector Icons/T_8_staff_.png
  artifactKey: Guid(798a0192e5e2a1c45a1f6786703af909) Importer(815301076,1909f56bfc062723c751e8b465ee728b)
Start importing Assets/Clean Vector Icons/T_8_staff_.png using Guid(798a0192e5e2a1c45a1f6786703af909) Importer(815301076,1909f56bfc062723c751e8b465ee728b)  -> (artifact id: '1cc05885c43d70cf86c6f10760706465') in 0.077917 seconds 
  Import took 0.127207 seconds .

========================================================================
Received Import Request.
  Time since last request: 0.000247 seconds.
  path: Assets/Clean Vector Icons/T_8_cursor_heart_al_.png
  artifactKey: Guid(8a683839c9f315c40a5614bea92d3237) Importer(815301076,1909f56bfc062723c751e8b465ee728b)
Start importing Assets/Clean Vector Icons/T_8_cursor_heart_al_.png using Guid(8a683839c9f315c40a5614bea92d3237) Importer(815301076,1909f56bfc062723c751e8b465ee728b)  -> (artifact id: 'e8bdfff16a2e1405bd880ffc012dfa47') in 0.095636 seconds 
  Import took 0.102103 seconds .

========================================================================
Received Import Request.
  Time since last request: 0.000347 seconds.
  path: Assets/Clean Vector Icons/T_9_cloud_down_.png
  artifactKey: Guid(f4e49bb7005427c4fac854d6d05fcb4e) Importer(815301076,1909f56bfc062723c751e8b465ee728b)
Start importing Assets/Clean Vector Icons/T_9_cloud_down_.png using Guid(f4e49bb7005427c4fac854d6d05fcb4e) Importer(815301076,1909f56bfc062723c751e8b465ee728b)  -> (artifact id: '477b63dcc79120e5f2338b309a0174f8') in 0.061229 seconds 
  Import took 0.105592 seconds .

========================================================================
Received Import Request.
  Time since last request: 0.000302 seconds.
  path: Assets/Clean Vector Icons/T_8_plant2_.png
  artifactKey: Guid(434b9ec91260129489414ae404c6e3fc) Importer(815301076,1909f56bfc062723c751e8b465ee728b)
Start importing Assets/Clean Vector Icons/T_8_plant2_.png using Guid(434b9ec91260129489414ae404c6e3fc) Importer(815301076,1909f56bfc062723c751e8b465ee728b)  -> (artifact id: '4dbeab4bd7c95bb21b5242909965592e') in 0.085391 seconds 
  Import took 0.093596 seconds .

========================================================================
Received Import Request.
  Time since last request: 0.000343 seconds.
  path: Assets/Clean Vector Icons/T_8_pause_.png
  artifactKey: Guid(a1bda28f797f71c4db09f6a0d4af4759) Importer(815301076,1909f56bfc062723c751e8b465ee728b)
Start importing Assets/Clean Vector Icons/T_8_pause_.png using Guid(a1bda28f797f71c4db09f6a0d4af4759) Importer(815301076,1909f56bfc062723c751e8b465ee728b)  -> (artifact id: 'f262df259f3be946d90da509a86561a9') in 0.084080 seconds 
  Import took 0.181260 seconds .

========================================================================
Received Import Request.
  Time since last request: 0.000282 seconds.
  path: Assets/Clean Vector Icons/T_9_arrow_rounded_up_.png
  artifactKey: Guid(5ed54572ef0354241b7f1ec43d869ad3) Importer(815301076,1909f56bfc062723c751e8b465ee728b)
Start importing Assets/Clean Vector Icons/T_9_arrow_rounded_up_.png using Guid(5ed54572ef0354241b7f1ec43d869ad3) Importer(815301076,1909f56bfc062723c751e8b465ee728b)  -> (artifact id: 'a77a8d86b6ea39b4a7846f851bb1d368') in 0.085573 seconds 
  Import took 0.115110 seconds .

========================================================================
Received Import Request.
  Time since last request: 0.000311 seconds.
  path: Assets/Clean Vector Icons/T_8_silhouette_.png
  artifactKey: Guid(72cdd1b1bb49d5f47bd5d2b3ecd3e851) Importer(815301076,1909f56bfc062723c751e8b465ee728b)
Start importing Assets/Clean Vector Icons/T_8_silhouette_.png using Guid(72cdd1b1bb49d5f47bd5d2b3ecd3e851) Importer(815301076,1909f56bfc062723c751e8b465ee728b)  -> (artifact id: '36a4088df7ca2e2a64658b02cfc166e2') in 0.062963 seconds 
  Import took 0.181529 seconds .

========================================================================
Received Prepare
Registering precompiled user dll's ...
Registered in 0.005560 seconds.
Begin MonoManager ReloadAssembly
Native extension for WindowsStandalone target not found
Refreshing native plugins compatible for Editor in 0.68 ms, found 2 plugins.
Preloading 0 native plugins for Editor in 0.00 ms.
Mono: successfully reloaded assembly
- Completed reload, in  2.597 seconds
Domain Reload Profiling:
	ReloadAssembly (2598ms)
		BeginReloadAssembly (411ms)
			ExecutionOrderSort (0ms)
			DisableScriptedObjects (9ms)
			BackupInstance (0ms)
			ReleaseScriptingObjects (0ms)
			CreateAndSetChildDomain (105ms)
		EndReloadAssembly (2031ms)
			LoadAssemblies (299ms)
			RebuildTransferFunctionScriptingTraits (0ms)
			SetupTypeCache (490ms)
			ReleaseScriptCaches (1ms)
			RebuildScriptCaches (79ms)
			SetupLoadedEditorAssemblies (1035ms)
				LogAssemblyErrors (0ms)
				InitializePlatformSupportModulesInManaged (5ms)
				SetLoadedEditorAssemblies (1ms)
				RefreshPlugins (1ms)
				BeforeProcessingInitializeOnLoad (147ms)
				ProcessInitializeOnLoadAttributes (862ms)
				ProcessInitializeOnLoadMethodAttributes (8ms)
				AfterProcessingInitializeOnLoad (11ms)
				EditorAssembliesLoaded (0ms)
			ExecutionOrderSort2 (0ms)
			AwakeInstancesAfterBackupRestoration (29ms)
Platform modules already initialized, skipping
Switching build target platform(19) subTarget(0) extendedPlatform(0) -> platform(13) subTarget(537395200) extendedPlatform(0)
Shader 'Universal Render Pipeline/Particles/Lit': fallback shader 'Universal Render Pipeline/Particles/SimpleLit' not found
Refreshing native plugins compatible for Editor in 0.93 ms, found 2 plugins.
Preloading 0 native plugins for Editor in 0.00 ms.
Unloading 2693 Unused Serialized files (Serialized files now loaded: 0)
System memory in use before: 137.9 MB.
System memory in use after: 138.1 MB.

Unloading 15 unused Assets to reduce memory usage. Loaded Objects now: 3356.
Total: 5.375100 ms (FindLiveObjects: 0.325500 ms CreateObjectMapping: 0.155000 ms MarkObjects: 4.859600 ms  DeleteObjects: 0.033100 ms)

AssetImportParameters requested are different than current active one (requested -> active):
  custom:framework-win-MediaFoundation: 216162199b28c13a410421893ffa2e32 -> 
  custom:video-decoder-ogg-theora: a1e56fd34408186e4bbccfd4996cb3dc -> 
  custom:container-muxer-webm: aa71ff27fc2769a1b78a27578f13a17b -> 
  custom:container-demuxer-webm: 4f35f7cbe854078d1ac9338744f61a02 -> 
  custom:container-demuxer-ogg: 62fdf1f143b41e24485cea50d1cbac27 -> 
  custom:video-encoder-webm-vp8: eb34c28f22e8b96e1ab97ce403110664 -> 
  custom:video-decoder-webm-vp8: 9c59270c3fd7afecdb556c50c9e8de78 -> 
  custom:graphics/normal-map-encoding: 01000000000000000000000000000000 -> 02000000000000000000000000000000
  custom:audio-decoder-ogg-vorbis: bf7c407c2cedff20999df2af8eb42d56 -> 
  custom:audio-encoder-webm-vorbis: bf7c407c2cedff20999df2af8eb42d56 -> 
========================================================================
Received Import Request.
  Time since last request: 1120.950000 seconds.
  path: Assets/Clean Vector Icons/T_9_eye_.png
  artifactKey: Guid(77f8fc7d6918e844a8954d665ca1a6b1) Importer(815301076,1909f56bfc062723c751e8b465ee728b)
Start importing Assets/Clean Vector Icons/T_9_eye_.png using Guid(77f8fc7d6918e844a8954d665ca1a6b1) Importer(815301076,1909f56bfc062723c751e8b465ee728b)  -> (artifact id: 'a6d2a974f8d6afd688f01378556a47d2') in 0.345578 seconds 
  Import took 2.929193 seconds .

========================================================================
Received Import Request.
  Time since last request: 0.000502 seconds.
  path: Assets/Clean Vector Icons/T_9_silhouette_+_.png
  artifactKey: Guid(5639e7536f629884f907d06a418a7da6) Importer(815301076,1909f56bfc062723c751e8b465ee728b)
Start importing Assets/Clean Vector Icons/T_9_silhouette_+_.png using Guid(5639e7536f629884f907d06a418a7da6) Importer(815301076,1909f56bfc062723c751e8b465ee728b)  -> (artifact id: '10c5f8177213a44ff40b6d0c5a8eaf8b') in 0.075974 seconds 
  Import took 0.095559 seconds .

========================================================================
Received Import Request.
  Time since last request: 0.000498 seconds.
  path: Assets/Clean Vector Icons/T_10_cursor_!_al_.png
  artifactKey: Guid(8589811d8f6629443ad2c9be7e027110) Importer(815301076,1909f56bfc062723c751e8b465ee728b)
Start importing Assets/Clean Vector Icons/T_10_cursor_!_al_.png using Guid(8589811d8f6629443ad2c9be7e027110) Importer(815301076,1909f56bfc062723c751e8b465ee728b)  -> (artifact id: '63dd3bb1181b3ad1724378521e3dfbac') in 0.203301 seconds 
  Import took 0.239001 seconds .

========================================================================
Received Import Request.
  Time since last request: 0.000622 seconds.
  path: Assets/Clean Vector Icons/T_10_hammer_.png
  artifactKey: Guid(7dfd68325eeac354d866d207e4d2744c) Importer(815301076,1909f56bfc062723c751e8b465ee728b)
Start importing Assets/Clean Vector Icons/T_10_hammer_.png using Guid(7dfd68325eeac354d866d207e4d2744c) Importer(815301076,1909f56bfc062723c751e8b465ee728b)  -> (artifact id: 'e9edd57933a94e7a227d889b3d979399') in 0.154762 seconds 
  Import took 0.221374 seconds .

========================================================================
Received Import Request.
  Time since last request: 0.001366 seconds.
  path: Assets/Clean Vector Icons/T_10_arrow_rounded_down_.png
  artifactKey: Guid(40bc671eec4518e4493b412f42d18029) Importer(815301076,1909f56bfc062723c751e8b465ee728b)
Start importing Assets/Clean Vector Icons/T_10_arrow_rounded_down_.png using Guid(40bc671eec4518e4493b412f42d18029) Importer(815301076,1909f56bfc062723c751e8b465ee728b)  -> (artifact id: '13dec3c05bc011f7da67561658c2fb1d') in 0.176915 seconds 
  Import took 0.213714 seconds .

========================================================================
Received Import Request.
  Time since last request: 0.001025 seconds.
  path: Assets/Clean Vector Icons/T_9_plant3_.png
  artifactKey: Guid(e6d90fea7c6f7be4fb361575b0b18ab6) Importer(815301076,1909f56bfc062723c751e8b465ee728b)
Start importing Assets/Clean Vector Icons/T_9_plant3_.png using Guid(e6d90fea7c6f7be4fb361575b0b18ab6) Importer(815301076,1909f56bfc062723c751e8b465ee728b)  -> (artifact id: 'd6feb363760b8aede674a811231d4e4b') in 0.112505 seconds 
  Import took 0.157718 seconds .

========================================================================
Received Import Request.
  Time since last request: 0.000363 seconds.
  path: Assets/Clean Vector Icons/T_10_hand_fire_.png
  artifactKey: Guid(9c1bd758ff5093a428bf7013bb9aac33) Importer(815301076,1909f56bfc062723c751e8b465ee728b)
Start importing Assets/Clean Vector Icons/T_10_hand_fire_.png using Guid(9c1bd758ff5093a428bf7013bb9aac33) Importer(815301076,1909f56bfc062723c751e8b465ee728b)  -> (artifact id: '1b8a057cdb18c54f0dbd1170737c47ac') in 0.162396 seconds 
  Import took 0.207894 seconds .

========================================================================
Received Import Request.
  Time since last request: 0.000474 seconds.
  path: Assets/Clean Vector Icons/T_9_next_.png
  artifactKey: Guid(6707ba99377107d46a8f396f7aa37bd9) Importer(815301076,1909f56bfc062723c751e8b465ee728b)
Start importing Assets/Clean Vector Icons/T_9_next_.png using Guid(6707ba99377107d46a8f396f7aa37bd9) Importer(815301076,1909f56bfc062723c751e8b465ee728b)  -> (artifact id: '56bc30102cf641c0366ff0acb7305581') in 0.125389 seconds 
  Import took 0.391565 seconds .

========================================================================
Received Import Request.
  Time since last request: 0.080267 seconds.
  path: Assets/Clean Vector Icons/T_9_kunai_.png
  artifactKey: Guid(9b0be4ef9a8e4b34eaa96ebc919f52a0) Importer(815301076,1909f56bfc062723c751e8b465ee728b)
Start importing Assets/Clean Vector Icons/T_9_kunai_.png using Guid(9b0be4ef9a8e4b34eaa96ebc919f52a0) Importer(815301076,1909f56bfc062723c751e8b465ee728b)  -> (artifact id: 'a49c2527f0914a2001895db9afb3f2ea') in 0.465058 seconds 
  Import took 0.675005 seconds .

========================================================================
Received Import Request.
  Time since last request: 0.000604 seconds.
  path: Assets/Clean Vector Icons/T_9_flag_.png
  artifactKey: Guid(57a57e5de7a11a945a125ef4383fe3e1) Importer(815301076,1909f56bfc062723c751e8b465ee728b)
Start importing Assets/Clean Vector Icons/T_9_flag_.png using Guid(57a57e5de7a11a945a125ef4383fe3e1) Importer(815301076,1909f56bfc062723c751e8b465ee728b)  -> (artifact id: 'f4ca73ece9708b99bbd3c593821354d5') in 0.435983 seconds 
  Import took 0.491988 seconds .

========================================================================
Received Import Request.
  Time since last request: 0.000426 seconds.
  path: Assets/Clean Vector Icons/T_10_flag_destroyed_.png
  artifactKey: Guid(2f5ddc8f7d908a24eba2215be6500082) Importer(815301076,1909f56bfc062723c751e8b465ee728b)
Start importing Assets/Clean Vector Icons/T_10_flag_destroyed_.png using Guid(2f5ddc8f7d908a24eba2215be6500082) Importer(815301076,1909f56bfc062723c751e8b465ee728b)  -> (artifact id: '1ad079cc7d00ee59f5a4b3e883b93167') in 0.114479 seconds 
  Import took 0.205750 seconds .

========================================================================
Received Import Request.
  Time since last request: 0.000476 seconds.
  path: Assets/Clean Vector Icons/T_10_previoust_.png
  artifactKey: Guid(1778841fd5637f740a839005de890124) Importer(815301076,1909f56bfc062723c751e8b465ee728b)
Start importing Assets/Clean Vector Icons/T_10_previoust_.png using Guid(1778841fd5637f740a839005de890124) Importer(815301076,1909f56bfc062723c751e8b465ee728b)  -> (artifact id: 'efb99bc2c6a53f2ff32ecdd05fa584bd') in 0.060992 seconds 
  Import took 0.098190 seconds .

========================================================================
Received Import Request.
  Time since last request: 0.000454 seconds.
  path: Assets/Clean Vector Icons/T_10_!_.png
  artifactKey: Guid(3e382c1295a11054dacdc58d5933d206) Importer(815301076,1909f56bfc062723c751e8b465ee728b)
Start importing Assets/Clean Vector Icons/T_10_!_.png using Guid(3e382c1295a11054dacdc58d5933d206) Importer(815301076,1909f56bfc062723c751e8b465ee728b)  -> (artifact id: '4992280b731f2d49cdc16a5c4f9c7f25') in 0.150309 seconds 
  Import took 0.214262 seconds .

========================================================================
Received Prepare
Registering precompiled user dll's ...
Registered in 0.056035 seconds.
Begin MonoManager ReloadAssembly
Native extension for WindowsStandalone target not found
Refreshing native plugins compatible for Editor in 1.16 ms, found 2 plugins.
Preloading 0 native plugins for Editor in 0.00 ms.
Mono: successfully reloaded assembly
- Completed reload, in 10.449 seconds
Domain Reload Profiling:
	ReloadAssembly (10450ms)
		BeginReloadAssembly (301ms)
			ExecutionOrderSort (0ms)
			DisableScriptedObjects (23ms)
			BackupInstance (0ms)
			ReleaseScriptingObjects (0ms)
			CreateAndSetChildDomain (93ms)
		EndReloadAssembly (9912ms)
			LoadAssemblies (265ms)
			RebuildTransferFunctionScriptingTraits (0ms)
			SetupTypeCache (766ms)
			ReleaseScriptCaches (3ms)
			RebuildScriptCaches (110ms)
			SetupLoadedEditorAssemblies (5795ms)
				LogAssemblyErrors (0ms)
				InitializePlatformSupportModulesInManaged (16ms)
				SetLoadedEditorAssemblies (1ms)
				RefreshPlugins (1ms)
				BeforeProcessingInitializeOnLoad (223ms)
				ProcessInitializeOnLoadAttributes (5312ms)
				ProcessInitializeOnLoadMethodAttributes (66ms)
				AfterProcessingInitializeOnLoad (154ms)
				EditorAssembliesLoaded (20ms)
			ExecutionOrderSort2 (0ms)
			AwakeInstancesAfterBackupRestoration (752ms)
Platform modules already initialized, skipping
Switching build target platform(19) subTarget(0) extendedPlatform(0) -> platform(13) subTarget(537395200) extendedPlatform(0)
Shader 'Universal Render Pipeline/Particles/Lit': fallback shader 'Universal Render Pipeline/Particles/SimpleLit' not found
Refreshing native plugins compatible for Editor in 35.99 ms, found 2 plugins.
Preloading 0 native plugins for Editor in 0.00 ms.
Unloading 2693 Unused Serialized files (Serialized files now loaded: 0)
System memory in use before: 138.0 MB.
System memory in use after: 138.2 MB.

Unloading 15 unused Assets to reduce memory usage. Loaded Objects now: 3359.
Total: 14.520400 ms (FindLiveObjects: 0.654600 ms CreateObjectMapping: 0.504500 ms MarkObjects: 13.318600 ms  DeleteObjects: 0.040000 ms)

AssetImportParameters requested are different than current active one (requested -> active):
  custom:framework-win-MediaFoundation: 216162199b28c13a410421893ffa2e32 -> 
  custom:video-decoder-ogg-theora: a1e56fd34408186e4bbccfd4996cb3dc -> 
  custom:container-muxer-webm: aa71ff27fc2769a1b78a27578f13a17b -> 
  custom:container-demuxer-webm: 4f35f7cbe854078d1ac9338744f61a02 -> 
  custom:container-demuxer-ogg: 62fdf1f143b41e24485cea50d1cbac27 -> 
  custom:video-encoder-webm-vp8: eb34c28f22e8b96e1ab97ce403110664 -> 
  custom:video-decoder-webm-vp8: 9c59270c3fd7afecdb556c50c9e8de78 -> 
  custom:graphics/normal-map-encoding: 01000000000000000000000000000000 -> 02000000000000000000000000000000
  custom:audio-decoder-ogg-vorbis: bf7c407c2cedff20999df2af8eb42d56 -> 
  custom:audio-encoder-webm-vorbis: bf7c407c2cedff20999df2af8eb42d56 -> 
========================================================================
Received Import Request.
  Time since last request: 800.302015 seconds.
  path: Assets/Imgs/button (2).png
  artifactKey: Guid(261a57dde0f7af74a966d6ef2af9ed4b) Importer(815301076,1909f56bfc062723c751e8b465ee728b)
Start importing Assets/Imgs/button (2).png using Guid(261a57dde0f7af74a966d6ef2af9ed4b) Importer(815301076,1909f56bfc062723c751e8b465ee728b)  -> (artifact id: '0b15551a221dad05ff0064763063a6d5') in 0.081979 seconds 
  Import took 0.115234 seconds .

========================================================================
Received Import Request.
  Time since last request: 0.002745 seconds.
  path: Assets/Imgs/button (2).png
  artifactKey: Guid(261a57dde0f7af74a966d6ef2af9ed4b) Importer(815301076,1909f56bfc062723c751e8b465ee728b)
Start importing Assets/Imgs/button (2).png using Guid(261a57dde0f7af74a966d6ef2af9ed4b) Importer(815301076,1909f56bfc062723c751e8b465ee728b)  -> (artifact id: '0b15551a221dad05ff0064763063a6d5') in 0.011381 seconds 
  Import took 0.020385 seconds .

========================================================================
Received Import Request.
  Time since last request: 28.954455 seconds.
  path: Assets/Imgs/button (2).png
  artifactKey: Guid(261a57dde0f7af74a966d6ef2af9ed4b) Importer(815301076,1909f56bfc062723c751e8b465ee728b)
Start importing Assets/Imgs/button (2).png using Guid(261a57dde0f7af74a966d6ef2af9ed4b) Importer(815301076,1909f56bfc062723c751e8b465ee728b)  -> (artifact id: '8606a8aa04d0069a77ddb5c65dfab035') in 0.089498 seconds 
  Import took 0.128429 seconds .

========================================================================
Received Prepare
Registering precompiled user dll's ...
Registered in 0.008118 seconds.
Begin MonoManager ReloadAssembly
Native extension for WindowsStandalone target not found
Refreshing native plugins compatible for Editor in 0.67 ms, found 2 plugins.
Preloading 0 native plugins for Editor in 0.00 ms.
Mono: successfully reloaded assembly
- Completed reload, in  1.558 seconds
Domain Reload Profiling:
	ReloadAssembly (1559ms)
		BeginReloadAssembly (155ms)
			ExecutionOrderSort (0ms)
			DisableScriptedObjects (6ms)
			BackupInstance (0ms)
			ReleaseScriptingObjects (0ms)
			CreateAndSetChildDomain (52ms)
		EndReloadAssembly (1319ms)
			LoadAssemblies (120ms)
			RebuildTransferFunctionScriptingTraits (0ms)
			SetupTypeCache (406ms)
			ReleaseScriptCaches (1ms)
			RebuildScriptCaches (55ms)
			SetupLoadedEditorAssemblies (527ms)
				LogAssemblyErrors (0ms)
				InitializePlatformSupportModulesInManaged (5ms)
				SetLoadedEditorAssemblies (1ms)
				RefreshPlugins (1ms)
				BeforeProcessingInitializeOnLoad (119ms)
				ProcessInitializeOnLoadAttributes (389ms)
				ProcessInitializeOnLoadMethodAttributes (5ms)
				AfterProcessingInitializeOnLoad (7ms)
				EditorAssembliesLoaded (0ms)
			ExecutionOrderSort2 (0ms)
			AwakeInstancesAfterBackupRestoration (19ms)
Platform modules already initialized, skipping
Switching build target platform(19) subTarget(0) extendedPlatform(0) -> platform(13) subTarget(537395200) extendedPlatform(0)
Shader 'Universal Render Pipeline/Particles/Lit': fallback shader 'Universal Render Pipeline/Particles/SimpleLit' not found
Refreshing native plugins compatible for Editor in 0.85 ms, found 2 plugins.
Preloading 0 native plugins for Editor in 0.00 ms.
Unloading 2693 Unused Serialized files (Serialized files now loaded: 0)
System memory in use before: 138.0 MB.
System memory in use after: 138.3 MB.

Unloading 15 unused Assets to reduce memory usage. Loaded Objects now: 3365.
Total: 4.418000 ms (FindLiveObjects: 0.323700 ms CreateObjectMapping: 0.156100 ms MarkObjects: 3.881500 ms  DeleteObjects: 0.054900 ms)

AssetImportParameters requested are different than current active one (requested -> active):
  custom:framework-win-MediaFoundation: 216162199b28c13a410421893ffa2e32 -> 
  custom:video-decoder-ogg-theora: a1e56fd34408186e4bbccfd4996cb3dc -> 
  custom:container-muxer-webm: aa71ff27fc2769a1b78a27578f13a17b -> 
  custom:container-demuxer-webm: 4f35f7cbe854078d1ac9338744f61a02 -> 
  custom:container-demuxer-ogg: 62fdf1f143b41e24485cea50d1cbac27 -> 
  custom:video-encoder-webm-vp8: eb34c28f22e8b96e1ab97ce403110664 -> 
  custom:video-decoder-webm-vp8: 9c59270c3fd7afecdb556c50c9e8de78 -> 
  custom:graphics/normal-map-encoding: 01000000000000000000000000000000 -> 02000000000000000000000000000000
  custom:audio-decoder-ogg-vorbis: bf7c407c2cedff20999df2af8eb42d56 -> 
  custom:audio-encoder-webm-vorbis: bf7c407c2cedff20999df2af8eb42d56 -> 
========================================================================
Received Import Request.
  Time since last request: 390.247219 seconds.
  path: Assets/Scenes/Level 1.unity
  artifactKey: Guid(e2607bb52a9842449876d881bf8ef349) Importer(815301076,1909f56bfc062723c751e8b465ee728b)
Start importing Assets/Scenes/Level 1.unity using Guid(e2607bb52a9842449876d881bf8ef349) Importer(815301076,1909f56bfc062723c751e8b465ee728b)  -> (artifact id: '7862ec3cd413ac8b112f8dc5cd7a0288') in 0.143000 seconds 
  Import took 0.185995 seconds .

========================================================================
Received Import Request.
  Time since last request: 129.596718 seconds.
  path: Assets/Scenes/Level 3.unity
  artifactKey: Guid(f2d5fa591c9ae6842913c5cd07103d1e) Importer(815301076,1909f56bfc062723c751e8b465ee728b)
Start importing Assets/Scenes/Level 3.unity using Guid(f2d5fa591c9ae6842913c5cd07103d1e) Importer(815301076,1909f56bfc062723c751e8b465ee728b)  -> (artifact id: 'b8aa5d14600d9b27978b4aefd767de86') in 0.117704 seconds 
  Import took 0.152756 seconds .

========================================================================
Received Import Request.
  Time since last request: 39.360415 seconds.
  path: Assets/Scenes/Level 4.unity
  artifactKey: Guid(44b9553411b20cf41ae23a4ebf4ca102) Importer(815301076,1909f56bfc062723c751e8b465ee728b)
Start importing Assets/Scenes/Level 4.unity using Guid(44b9553411b20cf41ae23a4ebf4ca102) Importer(815301076,1909f56bfc062723c751e8b465ee728b)  -> (artifact id: '79ef8c6d6cccdb26eaaab01332c08376') in 0.003001 seconds 
  Import took 0.014501 seconds .

========================================================================
Received Import Request.
  Time since last request: 43.005662 seconds.
  path: Assets/Scenes/Level 5.unity
  artifactKey: Guid(8ec91776127dcc54d8e3cc57664c100e) Importer(815301076,1909f56bfc062723c751e8b465ee728b)
Start importing Assets/Scenes/Level 5.unity using Guid(8ec91776127dcc54d8e3cc57664c100e) Importer(815301076,1909f56bfc062723c751e8b465ee728b)  -> (artifact id: '0195b8ce7888d2335dc315605be3b7f0') in 0.004778 seconds 
  Import took 0.048956 seconds .

========================================================================
Received Import Request.
  Time since last request: 38.157446 seconds.
  path: Assets/Scenes/MainMenu.unity
  artifactKey: Guid(f49f3a5877f039947bc8582139722342) Importer(815301076,1909f56bfc062723c751e8b465ee728b)
Start importing Assets/Scenes/MainMenu.unity using Guid(f49f3a5877f039947bc8582139722342) Importer(815301076,1909f56bfc062723c751e8b465ee728b)  -> (artifact id: '03cffe17e77a34cca3a4e85dd09aac8b') in 0.003758 seconds 
  Import took 0.011015 seconds .

========================================================================
Received Prepare
Registering precompiled user dll's ...
Registered in 0.034077 seconds.
Begin MonoManager ReloadAssembly
Native extension for WindowsStandalone target not found
Refreshing native plugins compatible for Editor in 1.97 ms, found 2 plugins.
Preloading 0 native plugins for Editor in 0.00 ms.
Mono: successfully reloaded assembly
- Completed reload, in 12.454 seconds
Domain Reload Profiling:
	ReloadAssembly (12460ms)
		BeginReloadAssembly (551ms)
			ExecutionOrderSort (0ms)
			DisableScriptedObjects (53ms)
			BackupInstance (0ms)
			ReleaseScriptingObjects (5ms)
			CreateAndSetChildDomain (210ms)
		EndReloadAssembly (10953ms)
			LoadAssemblies (676ms)
			RebuildTransferFunctionScriptingTraits (4ms)
			SetupTypeCache (4386ms)
			ReleaseScriptCaches (2ms)
			RebuildScriptCaches (236ms)
			SetupLoadedEditorAssemblies (4598ms)
				LogAssemblyErrors (0ms)
				InitializePlatformSupportModulesInManaged (11ms)
				SetLoadedEditorAssemblies (1ms)
				RefreshPlugins (2ms)
				BeforeProcessingInitializeOnLoad (402ms)
				ProcessInitializeOnLoadAttributes (4162ms)
				ProcessInitializeOnLoadMethodAttributes (10ms)
				AfterProcessingInitializeOnLoad (11ms)
				EditorAssembliesLoaded (1ms)
			ExecutionOrderSort2 (0ms)
			AwakeInstancesAfterBackupRestoration (43ms)
Platform modules already initialized, skipping
Switching build target platform(19) subTarget(0) extendedPlatform(0) -> platform(13) subTarget(537395200) extendedPlatform(0)
Shader 'Universal Render Pipeline/Particles/Lit': fallback shader 'Universal Render Pipeline/Particles/SimpleLit' not found
Refreshing native plugins compatible for Editor in 0.70 ms, found 2 plugins.
Preloading 0 native plugins for Editor in 0.00 ms.
Unloading 2693 Unused Serialized files (Serialized files now loaded: 0)
System memory in use before: 138.1 MB.
System memory in use after: 138.3 MB.

Unloading 15 unused Assets to reduce memory usage. Loaded Objects now: 3367.
Total: 4.976000 ms (FindLiveObjects: 0.334800 ms CreateObjectMapping: 0.268400 ms MarkObjects: 4.344400 ms  DeleteObjects: 0.027200 ms)

AssetImportParameters requested are different than current active one (requested -> active):
  custom:framework-win-MediaFoundation: 216162199b28c13a410421893ffa2e32 -> 
  custom:video-decoder-ogg-theora: a1e56fd34408186e4bbccfd4996cb3dc -> 
  custom:container-muxer-webm: aa71ff27fc2769a1b78a27578f13a17b -> 
  custom:container-demuxer-webm: 4f35f7cbe854078d1ac9338744f61a02 -> 
  custom:container-demuxer-ogg: 62fdf1f143b41e24485cea50d1cbac27 -> 
  custom:video-encoder-webm-vp8: eb34c28f22e8b96e1ab97ce403110664 -> 
  custom:video-decoder-webm-vp8: 9c59270c3fd7afecdb556c50c9e8de78 -> 
  custom:graphics/normal-map-encoding: 01000000000000000000000000000000 -> 02000000000000000000000000000000
  custom:audio-decoder-ogg-vorbis: bf7c407c2cedff20999df2af8eb42d56 -> 
  custom:audio-encoder-webm-vorbis: bf7c407c2cedff20999df2af8eb42d56 -> 
========================================================================
Received Prepare
Registering precompiled user dll's ...
Registered in 0.010263 seconds.
Begin MonoManager ReloadAssembly
Native extension for WindowsStandalone target not found
Refreshing native plugins compatible for Editor in 0.84 ms, found 2 plugins.
Preloading 0 native plugins for Editor in 0.00 ms.
Mono: successfully reloaded assembly
- Completed reload, in 17.418 seconds
Domain Reload Profiling:
	ReloadAssembly (17419ms)
		BeginReloadAssembly (797ms)
			ExecutionOrderSort (0ms)
			DisableScriptedObjects (15ms)
			BackupInstance (0ms)
			ReleaseScriptingObjects (1ms)
			CreateAndSetChildDomain (303ms)
		EndReloadAssembly (15797ms)
			LoadAssemblies (3448ms)
			RebuildTransferFunctionScriptingTraits (0ms)
			SetupTypeCache (5057ms)
			ReleaseScriptCaches (3ms)
			RebuildScriptCaches (804ms)
			SetupLoadedEditorAssemblies (5703ms)
				LogAssemblyErrors (0ms)
				InitializePlatformSupportModulesInManaged (8ms)
				SetLoadedEditorAssemblies (1ms)
				RefreshPlugins (1ms)
				BeforeProcessingInitializeOnLoad (695ms)
				ProcessInitializeOnLoadAttributes (4968ms)
				ProcessInitializeOnLoadMethodAttributes (17ms)
				AfterProcessingInitializeOnLoad (13ms)
				EditorAssembliesLoaded (1ms)
			ExecutionOrderSort2 (0ms)
			AwakeInstancesAfterBackupRestoration (42ms)
Platform modules already initialized, skipping
Switching build target platform(19) subTarget(0) extendedPlatform(0) -> platform(13) subTarget(537395200) extendedPlatform(0)
Shader 'Universal Render Pipeline/Particles/Lit': fallback shader 'Universal Render Pipeline/Particles/SimpleLit' not found
Refreshing native plugins compatible for Editor in 1.37 ms, found 2 plugins.
Preloading 0 native plugins for Editor in 0.00 ms.
Unloading 2693 Unused Serialized files (Serialized files now loaded: 0)
System memory in use before: 138.1 MB.
System memory in use after: 138.3 MB.

Unloading 15 unused Assets to reduce memory usage. Loaded Objects now: 3369.
Total: 5.231600 ms (FindLiveObjects: 0.398600 ms CreateObjectMapping: 0.210500 ms MarkObjects: 4.587800 ms  DeleteObjects: 0.032500 ms)

AssetImportParameters requested are different than current active one (requested -> active):
  custom:framework-win-MediaFoundation: 216162199b28c13a410421893ffa2e32 -> 
  custom:video-decoder-ogg-theora: a1e56fd34408186e4bbccfd4996cb3dc -> 
  custom:container-muxer-webm: aa71ff27fc2769a1b78a27578f13a17b -> 
  custom:container-demuxer-webm: 4f35f7cbe854078d1ac9338744f61a02 -> 
  custom:container-demuxer-ogg: 62fdf1f143b41e24485cea50d1cbac27 -> 
  custom:video-encoder-webm-vp8: eb34c28f22e8b96e1ab97ce403110664 -> 
  custom:video-decoder-webm-vp8: 9c59270c3fd7afecdb556c50c9e8de78 -> 
  custom:graphics/normal-map-encoding: 01000000000000000000000000000000 -> 02000000000000000000000000000000
  custom:audio-decoder-ogg-vorbis: bf7c407c2cedff20999df2af8eb42d56 -> 
  custom:audio-encoder-webm-vorbis: bf7c407c2cedff20999df2af8eb42d56 -> 
AssetImportWorkerClient::OnTransportError - code=2 error=End of file
